TOOL:	xrun	19.09-s003: Started on Oct 26, 2020 at 19:07:06 CET
xrun
	-compile
	-l xrun_compile.log
	-f dut_alu.f
		mtm_Alu.vp
	-f tb_alu.f
		alu_tb.sv
	-v93
	+nowarnDSEM2009
	+nowarnDSEMEL
	+nowarnCGDEFN
	-xmlibdirname INCA_libs
	+overwrite
	-nocopyright
	-coverage all
	-covoverwrite
	-covfile xrun_covfile.txt
file: mtm_Alu.vp
	module worklib.mtm_Alu:vp
		errors: 0, warnings: 0
		errors: 0, warnings: 0
		errors: 0, warnings: 0
		errors: 0, warnings: 0
file: alu_tb.sv
	A=4'hFFFF; B=A; CTL=B; send_calculation_data({CTL,A,B});
	        |
xmvlog: *W,INTOVF (alu_tb.sv,308|9): bit overflow during conversion from text [2.5(IEEE)] (4 bits).
	module worklib.top:sv
		errors: 0, warnings: 1
TOOL:	xrun	19.09-s003: Exiting on Oct 26, 2020 at 19:07:06 CET  (total: 00:00:00)
