TOOL:	xrun	19.09-s003: Started on Nov 03, 2020 at 18:52:43 CET
xrun
	-compile
	-l xrun_compile.log
	-f dut_alu.f
		mtm_Alu.vp
	-f tb_alu.f
		alu_pkg.sv
		alu_bfm.sv
		tester_alu.sv
		coverage_alu.sv
		scoreboard_alu.sv
		top_alu.sv
	-v93
	+nowarnDSEM2009
	+nowarnDSEMEL
	+nowarnCGDEFN
	-xmlibdirname INCA_libs
	+overwrite
	-nocopyright
	-coverage all
	-covoverwrite
	-covfile xrun_covfile.txt
file: mtm_Alu.vp
	module worklib.mtm_Alu:vp
		errors: 0, warnings: 0
		errors: 0, warnings: 0
		errors: 0, warnings: 0
		errors: 0, warnings: 0
file: alu_pkg.sv
	package worklib.alu_pkg:sv
		errors: 0, warnings: 0
file: alu_bfm.sv
	interface worklib.alu_bfm:sv
		errors: 0, warnings: 0
file: tester_alu.sv
	module worklib.tester_alu:sv
		errors: 0, warnings: 0
file: coverage_alu.sv
	module worklib.coverage_alu:sv
		errors: 0, warnings: 0
file: scoreboard_alu.sv
	module worklib.scoreboard_alu:sv
		errors: 0, warnings: 0
file: top_alu.sv
	module worklib.top:sv
		errors: 0, warnings: 0
TOOL:	xrun	19.09-s003: Exiting on Nov 03, 2020 at 18:52:43 CET  (total: 00:00:00)
